# JRE version: OpenJDK Runtime Environment (8.0_91-b14) (build 1.8.0_91-8u91-b14-0ubuntu4~14.04-b14)
# Java VM: OpenJDK 64-Bit Server VM (25.91-b14 mixed mode linux-amd64 compressed oops)
Heap:
 PSYoungGen      total 132096K, used 5113K [0x00000000d7100000, 0x00000000df700000, 0x0000000100000000)
  eden space 126976K, 0% used [0x00000000d7100000,0x00000000d7100000,0x00000000ded00000)
  from space 5120K, 99% used [0x00000000ded00000,0x00000000df1fe5b0,0x00000000df200000)
  to   space 5120K, 0% used [0x00000000df200000,0x00000000df200000,0x00000000df700000)
 ParOldGen       total 84992K, used 17443K [0x0000000085200000, 0x000000008a500000, 0x00000000d7100000)
  object space 84992K, 20% used [0x0000000085200000,0x0000000086308ef0,0x000000008a500000)
 Metaspace       used 20563K, capacity 21086K, committed 21248K, reserved 1069056K
  class space    used 2338K, capacity 2475K, committed 2560K, reserved 1048576K
GC Heap History (9 events):
Event: 0,483 GC heap before
{Heap before GC invocations=1 (full 0):
 PSYoungGen      total 36864K, used 31744K [0x00000000d7100000, 0x00000000d9a00000, 0x0000000100000000)
  eden space 31744K, 100% used [0x00000000d7100000,0x00000000d9000000,0x00000000d9000000)
  from space 5120K, 0% used [0x00000000d9500000,0x00000000d9500000,0x00000000d9a00000)
  to   space 5120K, 0% used [0x00000000d9000000,0x00000000d9000000,0x00000000d9500000)
 ParOldGen       total 84992K, used 0K [0x0000000085200000, 0x000000008a500000, 0x00000000d7100000)
  object space 84992K, 0% used [0x0000000085200000,0x0000000085200000,0x000000008a500000)
 Metaspace       used 7388K, capacity 7522K, committed 7680K, reserved 1056768K
  class space    used 889K, capacity 953K, committed 1024K, reserved 1048576K
Event: 0,489 GC heap after
Heap after GC invocations=1 (full 0):
 PSYoungGen      total 36864K, used 4321K [0x00000000d7100000, 0x00000000db900000, 0x0000000100000000)
  eden space 31744K, 0% used [0x00000000d7100000,0x00000000d7100000,0x00000000d9000000)
  from space 5120K, 84% used [0x00000000d9000000,0x00000000d9438610,0x00000000d9500000)
  to   space 5120K, 0% used [0x00000000db400000,0x00000000db400000,0x00000000db900000)
 ParOldGen       total 84992K, used 8K [0x0000000085200000, 0x000000008a500000, 0x00000000d7100000)
  object space 84992K, 0% used [0x0000000085200000,0x0000000085202000,0x000000008a500000)
 Metaspace       used 7388K, capacity 7522K, committed 7680K, reserved 1056768K
  class space    used 889K, capacity 953K, committed 1024K, reserved 1048576K
}
Event: 0,839 GC heap before
{Heap before GC invocations=2 (full 0):
 PSYoungGen      total 36864K, used 36065K [0x00000000d7100000, 0x00000000db900000, 0x0000000100000000)
  eden space 31744K, 100% used [0x00000000d7100000,0x00000000d9000000,0x00000000d9000000)
  from space 5120K, 84% used [0x00000000d9000000,0x00000000d9438610,0x00000000d9500000)
  to   space 5120K, 0% used [0x00000000db400000,0x00000000db400000,0x00000000db900000)
 ParOldGen       total 84992K, used 8K [0x0000000085200000, 0x000000008a500000, 0x00000000d7100000)
  object space 84992K, 0% used [0x0000000085200000,0x0000000085202000,0x000000008a500000)
 Metaspace       used 10540K, capacity 10676K, committed 10880K, reserved 1058816K
  class space    used 1286K, capacity 1340K, committed 1408K, reserved 1048576K
Event: 0,845 GC heap after
Heap after GC invocations=2 (full 0):
 PSYoungGen      total 68608K, used 4971K [0x00000000d7100000, 0x00000000db900000, 0x0000000100000000)
  eden space 63488K, 0% used [0x00000000d7100000,0x00000000d7100000,0x00000000daf00000)
  from space 5120K, 97% used [0x00000000db400000,0x00000000db8daf60,0x00000000db900000)
  to   space 5120K, 0% used [0x00000000daf00000,0x00000000daf00000,0x00000000db400000)
 ParOldGen       total 84992K, used 24K [0x0000000085200000, 0x000000008a500000, 0x00000000d7100000)
  object space 84992K, 0% used [0x0000000085200000,0x0000000085206000,0x000000008a500000)
 Metaspace       used 10540K, capacity 10676K, committed 10880K, reserved 1058816K
  class space    used 1286K, capacity 1340K, committed 1408K, reserved 1048576K
}
Event: 1,675 GC heap before
{Heap before GC invocations=3 (full 0):
 PSYoungGen      total 68608K, used 68459K [0x00000000d7100000, 0x00000000db900000, 0x0000000100000000)
  eden space 63488K, 100% used [0x00000000d7100000,0x00000000daf00000,0x00000000daf00000)
  from space 5120K, 97% used [0x00000000db400000,0x00000000db8daf60,0x00000000db900000)
  to   space 5120K, 0% used [0x00000000daf00000,0x00000000daf00000,0x00000000db400000)
 ParOldGen       total 84992K, used 24K [0x0000000085200000, 0x000000008a500000, 0x00000000d7100000)
  object space 84992K, 0% used [0x0000000085200000,0x0000000085206000,0x000000008a500000)
 Metaspace       used 13910K, capacity 14136K, committed 14592K, reserved 1062912K
  class space    used 1612K, capacity 1678K, committed 1792K, reserved 1048576K
Event: 1,706 GC heap after
Heap after GC invocations=3 (full 0):
 PSYoungGen      total 68608K, used 5088K [0x00000000d7100000, 0x00000000df700000, 0x0000000100000000)
  eden space 63488K, 0% used [0x00000000d7100000,0x00000000d7100000,0x00000000daf00000)
  from space 5120K, 99% used [0x00000000daf00000,0x00000000db3f8020,0x00000000db400000)
  to   space 5120K, 0% used [0x00000000df200000,0x00000000df200000,0x00000000df700000)
 ParOldGen       total 84992K, used 4458K [0x0000000085200000, 0x000000008a500000, 0x00000000d7100000)
  object space 84992K, 5% used [0x0000000085200000,0x000000008565aa68,0x000000008a500000)
 Metaspace       used 13910K, capacity 14136K, committed 14592K, reserved 1062912K
  class space    used 1612K, capacity 1678K, committed 1792K, reserved 1048576K
}
Event: 2,396 GC heap before
{Heap before GC invocations=4 (full 0):
 PSYoungGen      total 68608K, used 68576K [0x00000000d7100000, 0x00000000df700000, 0x0000000100000000)
  eden space 63488K, 100% used [0x00000000d7100000,0x00000000daf00000,0x00000000daf00000)
  from space 5120K, 99% used [0x00000000daf00000,0x00000000db3f8020,0x00000000db400000)
  to   space 5120K, 0% used [0x00000000df200000,0x00000000df200000,0x00000000df700000)
 ParOldGen       total 84992K, used 4458K [0x0000000085200000, 0x000000008a500000, 0x00000000d7100000)
  object space 84992K, 5% used [0x0000000085200000,0x000000008565aa68,0x000000008a500000)
 Metaspace       used 15451K, capacity 16030K, committed 16256K, reserved 1062912K
  class space    used 1758K, capacity 1899K, committed 1920K, reserved 1048576K
Event: 2,450 GC heap after
Heap after GC invocations=4 (full 0):
 PSYoungGen      total 132096K, used 5104K [0x00000000d7100000, 0x00000000df700000, 0x0000000100000000)
  eden space 126976K, 0% used [0x00000000d7100000,0x00000000d7100000,0x00000000ded00000)
  from space 5120K, 99% used [0x00000000df200000,0x00000000df6fc030,0x00000000df700000)
  to   space 5120K, 0% used [0x00000000ded00000,0x00000000ded00000,0x00000000df200000)
 ParOldGen       total 84992K, used 7689K [0x0000000085200000, 0x000000008a500000, 0x00000000d7100000)
  object space 84992K, 9% used [0x0000000085200000,0x00000000859826a8,0x000000008a500000)
 Metaspace       used 15451K, capacity 16030K, committed 16256K, reserved 1062912K
  class space    used 1758K, capacity 1899K, committed 1920K, reserved 1048576K
}
Event: 3,410 GC heap before
{Heap before GC invocations=5 (full 0):
 PSYoungGen      total 132096K, used 55893K [0x00000000d7100000, 0x00000000df700000, 0x0000000100000000)
  eden space 126976K, 39% used [0x00000000d7100000,0x00000000da299440,0x00000000ded00000)
  from space 5120K, 99% used [0x00000000df200000,0x00000000df6fc030,0x00000000df700000)
  to   space 5120K, 0% used [0x00000000ded00000,0x00000000ded00000,0x00000000df200000)
 ParOldGen       total 84992K, used 7689K [0x0000000085200000, 0x000000008a500000, 0x00000000d7100000)
  object space 84992K, 9% used [0x0000000085200000,0x00000000859826a8,0x000000008a500000)
 Metaspace       used 20563K, capacity 21086K, committed 21248K, reserved 1069056K
  class space    used 2338K, capacity 2475K, committed 2560K, reserved 1048576K

