<?xml version="1.0" encoding="UTF-8" ?>
<testsuite failures="1" time="0.678" errors="15" skipped="0" tests="22" name="fr.lirmm.graphik.DEFT.core.DefeasibleKBTest">
  <properties>
[...]
</properties>
  <testcase time="0.366" classname="fr.lirmm.graphik.DEFT.core.DefeasibleKBTest" name="testRulesOrder">
    <error message="-1" type="java.lang.ArrayIndexOutOfBoundsException">java.lang.ArrayIndexOutOfBoundsException: -1
	at fr.lirmm.graphik.graal.core.atomset.graph.AtomEdge.indexOf(AtomEdge.java:116)
	at fr.lirmm.graphik.graal.homomorphism.bootstrapper.StarBootstrapper.execOverRewritings(StarBootstrapper.java:171)
	at fr.lirmm.graphik.graal.homomorphism.bootstrapper.StarBootstrapper.exec(StarBootstrapper.java:146)
	at fr.lirmm.graphik.graal.homomorphism.BacktrackIterator.getFirstValue(BacktrackIterator.java:365)
	at fr.lirmm.graphik.graal.homomorphism.BacktrackIterator.computeNext(BacktrackIterator.java:319)
	at fr.lirmm.graphik.graal.homomorphism.BacktrackIterator.hasNext(BacktrackIterator.java:185)
	at fr.lirmm.graphik.util.stream.Utils.uniq(Utils.java:117)
	at fr.lirmm.graphik.graal.homomorphism.BacktrackHomomorphism.execute(BacktrackHomomorphism.java:163)
	at fr.lirmm.graphik.graal.homomorphism.BacktrackHomomorphism.execute(BacktrackHomomorphism.java:153)
	at fr.lirmm.graphik.graal.homomorphism.BacktrackHomomorphism.execute(BacktrackHomomorphism.java:72)
	at fr.lirmm.graphik.graal.homomorphism.StaticHomomorphism.execute(StaticHomomorphism.java:113)
	at fr.lirmm.graphik.DEFT.dialectical_tree.ArgumentationFramework.getAttackersFor(ArgumentationFramework.java:63)
	at fr.lirmm.graphik.DEFT.dialectical_tree.ArgumentationFramework.getDefeatersFor(ArgumentationFramework.java:114)
	at fr.lirmm.graphik.DEFT.dialectical_tree.ArgumentationFramework.computeDialecticalTreeFor(ArgumentationFramework.java:141)
	at fr.lirmm.graphik.DEFT.dialectical_tree.ArgumentationFramework.isDefeated(ArgumentationFramework.java:127)
	at fr.lirmm.graphik.DEFT.core.DefeasibleKB.EntailmentStatus(DefeasibleKB.java:394)
	at fr.lirmm.graphik.DEFT.core.DefeasibleKBTest.testRulesOrder(DefeasibleKBTest.java:535)
	at sun.reflect.NativeMethodAccessorImpl.invoke0(Native Method)
	at sun.reflect.NativeMethodAccessorImpl.invoke(NativeMethodAccessorImpl.java:57)
	at sun.reflect.DelegatingMethodAccessorImpl.invoke(DelegatingMethodAccessorImpl.java:43)
	at java.lang.reflect.Method.invoke(Method.java:606)
	at org.junit.runners.model.FrameworkMethod$1.runReflectiveCall(FrameworkMethod.java:47)
	at org.junit.internal.runners.model.ReflectiveCallable.run(ReflectiveCallable.java:12)
	at org.junit.runners.model.FrameworkMethod.invokeExplosively(FrameworkMethod.java:44)
	at org.junit.internal.runners.statements.InvokeMethod.evaluate(InvokeMethod.java:17)
	at org.junit.internal.runners.statements.RunBefores.evaluate(RunBefores.java:26)
	at org.junit.internal.runners.statements.RunAfters.evaluate(RunAfters.java:27)
	at org.junit.runners.ParentRunner.runLeaf(ParentRunner.java:271)
	at org.junit.runners.BlockJUnit4ClassRunner.runChild(BlockJUnit4ClassRunner.java:70)
	at org.junit.runners.BlockJUnit4ClassRunner.runChild(BlockJUnit4ClassRunner.java:50)
	at org.junit.runners.ParentRunner$3.run(ParentRunner.java:238)
	at org.junit.runners.ParentRunner$1.schedule(ParentRunner.java:63)
	at org.junit.runners.ParentRunner.runChildren(ParentRunner.java:236)
	at org.junit.runners.ParentRunner.access$000(ParentRunner.java:53)
	at org.junit.runners.ParentRunner$2.evaluate(ParentRunner.java:229)
	at org.junit.runners.ParentRunner.run(ParentRunner.java:309)
	at org.apache.maven.surefire.junit4.JUnit4TestSet.execute(JUnit4TestSet.java:53)
	at org.apache.maven.surefire.junit4.JUnit4Provider.executeTestSet(JUnit4Provider.java:123)
	at org.apache.maven.surefire.junit4.JUnit4Provider.invoke(JUnit4Provider.java:104)
	at sun.reflect.NativeMethodAccessorImpl.invoke0(Native Method)
	at sun.reflect.NativeMethodAccessorImpl.invoke(NativeMethodAccessorImpl.java:57)
	at sun.reflect.DelegatingMethodAccessorImpl.invoke(DelegatingMethodAccessorImpl.java:43)
	at java.lang.reflect.Method.invoke(Method.java:606)
	at org.apache.maven.surefire.util.ReflectionUtils.invokeMethodWithArray(ReflectionUtils.java:164)
	at org.apache.maven.surefire.booter.ProviderFactory$ProviderProxy.invoke(ProviderFactory.java:110)
	at org.apache.maven.surefire.booter.SurefireStarter.invokeProvider(SurefireStarter.java:175)
	at org.apache.maven.surefire.booter.SurefireStarter.runSuitesInProcessWhenForked(SurefireStarter.java:107)
	at org.apache.maven.surefire.booter.ForkedBooter.main(ForkedBooter.java:68)
</error>
  </testcase>
  <testcase time="0.017" classname="fr.lirmm.graphik.DEFT.core.DefeasibleKBTest" name="testNegativeConstraintAtomsOrder">
    <error message="-1" type="java.lang.ArrayIndexOutOfBoundsException">java.lang.ArrayIndexOutOfBoundsException: -1
	at fr.lirmm.graphik.graal.core.atomset.graph.AtomEdge.indexOf(AtomEdge.java:116)
	at fr.lirmm.graphik.graal.homomorphism.bootstrapper.StarBootstrapper.execOverRewritings(StarBootstrapper.java:171)
	at fr.lirmm.graphik.graal.homomorphism.bootstrapper.StarBootstrapper.exec(StarBootstrapper.java:146)
	at fr.lirmm.graphik.graal.homomorphism.BacktrackIterator.getFirstValue(BacktrackIterator.java:365)
	at fr.lirmm.graphik.graal.homomorphism.BacktrackIterator.computeNext(BacktrackIterator.java:319)
	at fr.lirmm.graphik.graal.homomorphism.BacktrackIterator.hasNext(BacktrackIterator.java:185)
	at fr.lirmm.graphik.util.stream.Utils.uniq(Utils.java:117)
	at fr.lirmm.graphik.graal.homomorphism.BacktrackHomomorphism.execute(BacktrackHomomorphism.java:163)
	at fr.lirmm.graphik.graal.homomorphism.BacktrackHomomorphism.execute(BacktrackHomomorphism.java:153)
	at fr.lirmm.graphik.graal.homomorphism.BacktrackHomomorphism.execute(BacktrackHomomorphism.java:72)
	at fr.lirmm.graphik.graal.homomorphism.StaticHomomorphism.execute(StaticHomomorphism.java:113)
	at fr.lirmm.graphik.DEFT.dialectical_tree.ArgumentationFramework.getAttackersFor(ArgumentationFramework.java:63)
	at fr.lirmm.graphik.DEFT.core.DefeasibleKBTest.testNegativeConstraintAtomsOrder(DefeasibleKBTest.java:478)
	at sun.reflect.NativeMethodAccessorImpl.invoke0(Native Method)
	at sun.reflect.NativeMethodAccessorImpl.invoke(NativeMethodAccessorImpl.java:57)
	at sun.reflect.DelegatingMethodAccessorImpl.invoke(DelegatingMethodAccessorImpl.java:43)
	at java.lang.reflect.Method.invoke(Method.java:606)
	at org.junit.runners.model.FrameworkMethod$1.runReflectiveCall(FrameworkMethod.java:47)
	at org.junit.internal.runners.model.ReflectiveCallable.run(ReflectiveCallable.java:12)
	at org.junit.runners.model.FrameworkMethod.invokeExplosively(FrameworkMethod.java:44)
	at org.junit.internal.runners.statements.InvokeMethod.evaluate(InvokeMethod.java:17)
	at org.junit.internal.runners.statements.RunBefores.evaluate(RunBefores.java:26)
	at org.junit.internal.runners.statements.RunAfters.evaluate(RunAfters.java:27)
	at org.junit.runners.ParentRunner.runLeaf(ParentRunner.java:271)
	at org.junit.runners.BlockJUnit4ClassRunner.runChild(BlockJUnit4ClassRunner.java:70)
	at org.junit.runners.BlockJUnit4ClassRunner.runChild(BlockJUnit4ClassRunner.java:50)
	at org.junit.runners.ParentRunner$3.run(ParentRunner.java:238)
	at org.junit.runners.ParentRunner$1.schedule(ParentRunner.java:63)
	at org.junit.runners.ParentRunner.runChildren(ParentRunner.java:236)
	at org.junit.runners.ParentRunner.access$000(ParentRunner.java:53)
	at org.junit.runners.ParentRunner$2.evaluate(ParentRunner.java:229)
	at org.junit.runners.ParentRunner.run(ParentRunner.java:309)
	at org.apache.maven.surefire.junit4.JUnit4TestSet.execute(JUnit4TestSet.java:53)
	at org.apache.maven.surefire.junit4.JUnit4Provider.executeTestSet(JUnit4Provider.java:123)
	at org.apache.maven.surefire.junit4.JUnit4Provider.invoke(JUnit4Provider.java:104)
	at sun.reflect.NativeMethodAccessorImpl.invoke0(Native Method)
	at sun.reflect.NativeMethodAccessorImpl.invoke(NativeMethodAccessorImpl.java:57)
	at sun.reflect.DelegatingMethodAccessorImpl.invoke(DelegatingMethodAccessorImpl.java:43)
	at java.lang.reflect.Method.invoke(Method.java:606)
	at org.apache.maven.surefire.util.ReflectionUtils.invokeMethodWithArray(ReflectionUtils.java:164)
	at org.apache.maven.surefire.booter.ProviderFactory$ProviderProxy.invoke(ProviderFactory.java:110)
	at org.apache.maven.surefire.booter.SurefireStarter.invokeProvider(SurefireStarter.java:175)
	at org.apache.maven.surefire.booter.SurefireStarter.runSuitesInProcessWhenForked(SurefireStarter.java:107)
	at org.apache.maven.surefire.booter.ForkedBooter.main(ForkedBooter.java:68)
</error>
  </testcase>
  <testcase time="0.019" classname="fr.lirmm.graphik.DEFT.core.DefeasibleKBTest" name="testEntailementCase10">
    <error message="-1" type="java.lang.ArrayIndexOutOfBoundsException">java.lang.ArrayIndexOutOfBoundsException: -1
	at fr.lirmm.graphik.graal.core.atomset.graph.AtomEdge.indexOf(AtomEdge.java:116)
	at fr.lirmm.graphik.graal.homomorphism.bootstrapper.StarBootstrapper.execOverRewritings(StarBootstrapper.java:171)
	at fr.lirmm.graphik.graal.homomorphism.bootstrapper.StarBootstrapper.exec(StarBootstrapper.java:146)
	at fr.lirmm.graphik.graal.homomorphism.BacktrackIterator.getFirstValue(BacktrackIterator.java:365)
	at fr.lirmm.graphik.graal.homomorphism.BacktrackIterator.computeNext(BacktrackIterator.java:319)
	at fr.lirmm.graphik.graal.homomorphism.BacktrackIterator.hasNext(BacktrackIterator.java:185)
	at fr.lirmm.graphik.util.stream.Utils.uniq(Utils.java:117)
	at fr.lirmm.graphik.graal.homomorphism.BacktrackHomomorphism.execute(BacktrackHomomorphism.java:163)
	at fr.lirmm.graphik.graal.homomorphism.BacktrackHomomorphism.execute(BacktrackHomomorphism.java:153)
	at fr.lirmm.graphik.graal.homomorphism.BacktrackHomomorphism.execute(BacktrackHomomorphism.java:72)
	at fr.lirmm.graphik.graal.homomorphism.StaticHomomorphism.execute(StaticHomomorphism.java:113)
	at fr.lirmm.graphik.DEFT.dialectical_tree.ArgumentationFramework.getAttackersFor(ArgumentationFramework.java:63)
	at fr.lirmm.graphik.DEFT.dialectical_tree.ArgumentationFramework.getDefeatersFor(ArgumentationFramework.java:114)
	at fr.lirmm.graphik.DEFT.dialectical_tree.ArgumentationFramework.computeDialecticalTreeFor(ArgumentationFramework.java:141)
	at fr.lirmm.graphik.DEFT.dialectical_tree.ArgumentationFramework.isDefeated(ArgumentationFramework.java:127)
	at fr.lirmm.graphik.DEFT.core.DefeasibleKB.EntailmentStatus(DefeasibleKB.java:394)
	at fr.lirmm.graphik.DEFT.core.DefeasibleKBTest.testEntailementCase10(DefeasibleKBTest.java:415)
	at sun.reflect.NativeMethodAccessorImpl.invoke0(Native Method)
	at sun.reflect.NativeMethodAccessorImpl.invoke(NativeMethodAccessorImpl.java:57)
	at sun.reflect.DelegatingMethodAccessorImpl.invoke(DelegatingMethodAccessorImpl.java:43)
	at java.lang.reflect.Method.invoke(Method.java:606)
	at org.junit.runners.model.FrameworkMethod$1.runReflectiveCall(FrameworkMethod.java:47)
	at org.junit.internal.runners.model.ReflectiveCallable.run(ReflectiveCallable.java:12)
	at org.junit.runners.model.FrameworkMethod.invokeExplosively(FrameworkMethod.java:44)
	at org.junit.internal.runners.statements.InvokeMethod.evaluate(InvokeMethod.java:17)
	at org.junit.internal.runners.statements.RunBefores.evaluate(RunBefores.java:26)
	at org.junit.internal.runners.statements.RunAfters.evaluate(RunAfters.java:27)
	at org.junit.runners.ParentRunner.runLeaf(ParentRunner.java:271)
	at org.junit.runners.BlockJUnit4ClassRunner.runChild(BlockJUnit4ClassRunner.java:70)
	at org.junit.runners.BlockJUnit4ClassRunner.runChild(BlockJUnit4ClassRunner.java:50)
	at org.junit.runners.ParentRunner$3.run(ParentRunner.java:238)
	at org.junit.runners.ParentRunner$1.schedule(ParentRunner.java:63)
	at org.junit.runners.ParentRunner.runChildren(ParentRunner.java:236)
	at org.junit.runners.ParentRunner.access$000(ParentRunner.java:53)
	at org.junit.runners.ParentRunner$2.evaluate(ParentRunner.java:229)
	at org.junit.runners.ParentRunner.run(ParentRunner.java:309)
	at org.apache.maven.surefire.junit4.JUnit4TestSet.execute(JUnit4TestSet.java:53)
	at org.apache.maven.surefire.junit4.JUnit4Provider.executeTestSet(JUnit4Provider.java:123)
	at org.apache.maven.surefire.junit4.JUnit4Provider.invoke(JUnit4Provider.java:104)
	at sun.reflect.NativeMethodAccessorImpl.invoke0(Native Method)
	at sun.reflect.NativeMethodAccessorImpl.invoke(NativeMethodAccessorImpl.java:57)
	at sun.reflect.DelegatingMethodAccessorImpl.invoke(DelegatingMethodAccessorImpl.java:43)
	at java.lang.reflect.Method.invoke(Method.java:606)
	at org.apache.maven.surefire.util.ReflectionUtils.invokeMethodWithArray(ReflectionUtils.java:164)
	at org.apache.maven.surefire.booter.ProviderFactory$ProviderProxy.invoke(ProviderFactory.java:110)
	at org.apache.maven.surefire.booter.SurefireStarter.invokeProvider(SurefireStarter.java:175)
	at org.apache.maven.surefire.booter.SurefireStarter.runSuitesInProcessWhenForked(SurefireStarter.java:107)
	at org.apache.maven.surefire.booter.ForkedBooter.main(ForkedBooter.java:68)
</error>
  </testcase>
  <testcase time="0.017" classname="fr.lirmm.graphik.DEFT.core.DefeasibleKBTest" name="testEntailementCase11">
    <error message="-1" type="java.lang.ArrayIndexOutOfBoundsException">java.lang.ArrayIndexOutOfBoundsException: -1
	at fr.lirmm.graphik.graal.core.atomset.graph.AtomEdge.indexOf(AtomEdge.java:116)
	at fr.lirmm.graphik.graal.homomorphism.bootstrapper.StarBootstrapper.execOverRewritings(StarBootstrapper.java:171)
	at fr.lirmm.graphik.graal.homomorphism.bootstrapper.StarBootstrapper.exec(StarBootstrapper.java:146)
	at fr.lirmm.graphik.graal.homomorphism.BacktrackIterator.getFirstValue(BacktrackIterator.java:365)
	at fr.lirmm.graphik.graal.homomorphism.BacktrackIterator.computeNext(BacktrackIterator.java:319)
	at fr.lirmm.graphik.graal.homomorphism.BacktrackIterator.hasNext(BacktrackIterator.java:185)
	at fr.lirmm.graphik.util.stream.Utils.uniq(Utils.java:117)
	at fr.lirmm.graphik.graal.homomorphism.BacktrackHomomorphism.execute(BacktrackHomomorphism.java:163)
	at fr.lirmm.graphik.graal.homomorphism.BacktrackHomomorphism.execute(BacktrackHomomorphism.java:153)
	at fr.lirmm.graphik.graal.homomorphism.BacktrackHomomorphism.execute(BacktrackHomomorphism.java:72)
	at fr.lirmm.graphik.graal.homomorphism.StaticHomomorphism.execute(StaticHomomorphism.java:113)
	at fr.lirmm.graphik.DEFT.dialectical_tree.ArgumentationFramework.getAttackersFor(ArgumentationFramework.java:63)
	at fr.lirmm.graphik.DEFT.dialectical_tree.ArgumentationFramework.getDefeatersFor(ArgumentationFramework.java:114)
	at fr.lirmm.graphik.DEFT.dialectical_tree.ArgumentationFramework.computeDialecticalTreeFor(ArgumentationFramework.java:141)
	at fr.lirmm.graphik.DEFT.dialectical_tree.ArgumentationFramework.isDefeated(ArgumentationFramework.java:127)
	at fr.lirmm.graphik.DEFT.core.DefeasibleKB.EntailmentStatus(DefeasibleKB.java:394)
	at fr.lirmm.graphik.DEFT.core.DefeasibleKBTest.testEntailementCase11(DefeasibleKBTest.java:445)
	at sun.reflect.NativeMethodAccessorImpl.invoke0(Native Method)
	at sun.reflect.NativeMethodAccessorImpl.invoke(NativeMethodAccessorImpl.java:57)
	at sun.reflect.DelegatingMethodAccessorImpl.invoke(DelegatingMethodAccessorImpl.java:43)
	at java.lang.reflect.Method.invoke(Method.java:606)
	at org.junit.runners.model.FrameworkMethod$1.runReflectiveCall(FrameworkMethod.java:47)
	at org.junit.internal.runners.model.ReflectiveCallable.run(ReflectiveCallable.java:12)
	at org.junit.runners.model.FrameworkMethod.invokeExplosively(FrameworkMethod.java:44)
	at org.junit.internal.runners.statements.InvokeMethod.evaluate(InvokeMethod.java:17)
	at org.junit.internal.runners.statements.RunBefores.evaluate(RunBefores.java:26)
	at org.junit.internal.runners.statements.RunAfters.evaluate(RunAfters.java:27)
	at org.junit.runners.ParentRunner.runLeaf(ParentRunner.java:271)
	at org.junit.runners.BlockJUnit4ClassRunner.runChild(BlockJUnit4ClassRunner.java:70)
	at org.junit.runners.BlockJUnit4ClassRunner.runChild(BlockJUnit4ClassRunner.java:50)
	at org.junit.runners.ParentRunner$3.run(ParentRunner.java:238)
	at org.junit.runners.ParentRunner$1.schedule(ParentRunner.java:63)
	at org.junit.runners.ParentRunner.runChildren(ParentRunner.java:236)
	at org.junit.runners.ParentRunner.access$000(ParentRunner.java:53)
	at org.junit.runners.ParentRunner$2.evaluate(ParentRunner.java:229)
	at org.junit.runners.ParentRunner.run(ParentRunner.java:309)
	at org.apache.maven.surefire.junit4.JUnit4TestSet.execute(JUnit4TestSet.java:53)
	at org.apache.maven.surefire.junit4.JUnit4Provider.executeTestSet(JUnit4Provider.java:123)
	at org.apache.maven.surefire.junit4.JUnit4Provider.invoke(JUnit4Provider.java:104)
	at sun.reflect.NativeMethodAccessorImpl.invoke0(Native Method)
	at sun.reflect.NativeMethodAccessorImpl.invoke(NativeMethodAccessorImpl.java:57)
	at sun.reflect.DelegatingMethodAccessorImpl.invoke(DelegatingMethodAccessorImpl.java:43)
	at java.lang.reflect.Method.invoke(Method.java:606)
	at org.apache.maven.surefire.util.ReflectionUtils.invokeMethodWithArray(ReflectionUtils.java:164)
	at org.apache.maven.surefire.booter.ProviderFactory$ProviderProxy.invoke(ProviderFactory.java:110)
	at org.apache.maven.surefire.booter.SurefireStarter.invokeProvider(SurefireStarter.java:175)
	at org.apache.maven.surefire.booter.SurefireStarter.runSuitesInProcessWhenForked(SurefireStarter.java:107)
	at org.apache.maven.surefire.booter.ForkedBooter.main(ForkedBooter.java:68)
</error>
  </testcase>
  <testcase time="0.009" classname="fr.lirmm.graphik.DEFT.core.DefeasibleKBTest" name="testEntailementCase1">
    <error message="-1" type="java.lang.ArrayIndexOutOfBoundsException">java.lang.ArrayIndexOutOfBoundsException: -1
	at fr.lirmm.graphik.graal.core.atomset.graph.AtomEdge.indexOf(AtomEdge.java:116)
	at fr.lirmm.graphik.graal.homomorphism.bootstrapper.StarBootstrapper.execOverRewritings(StarBootstrapper.java:171)
	at fr.lirmm.graphik.graal.homomorphism.bootstrapper.StarBootstrapper.exec(StarBootstrapper.java:146)
	at fr.lirmm.graphik.graal.homomorphism.BacktrackIterator.getFirstValue(BacktrackIterator.java:365)
	at fr.lirmm.graphik.graal.homomorphism.BacktrackIterator.computeNext(BacktrackIterator.java:319)
	at fr.lirmm.graphik.graal.homomorphism.BacktrackIterator.hasNext(BacktrackIterator.java:185)
	at fr.lirmm.graphik.util.stream.Utils.uniq(Utils.java:117)
	at fr.lirmm.graphik.graal.homomorphism.BacktrackHomomorphism.execute(BacktrackHomomorphism.java:163)
	at fr.lirmm.graphik.graal.homomorphism.BacktrackHomomorphism.execute(BacktrackHomomorphism.java:153)
	at fr.lirmm.graphik.graal.homomorphism.BacktrackHomomorphism.execute(BacktrackHomomorphism.java:72)
	at fr.lirmm.graphik.graal.homomorphism.StaticHomomorphism.execute(StaticHomomorphism.java:113)
	at fr.lirmm.graphik.DEFT.dialectical_tree.ArgumentationFramework.getAttackersFor(ArgumentationFramework.java:63)
	at fr.lirmm.graphik.DEFT.dialectical_tree.ArgumentationFramework.getDefeatersFor(ArgumentationFramework.java:114)
	at fr.lirmm.graphik.DEFT.dialectical_tree.ArgumentationFramework.computeDialecticalTreeFor(ArgumentationFramework.java:141)
	at fr.lirmm.graphik.DEFT.dialectical_tree.ArgumentationFramework.isDefeated(ArgumentationFramework.java:127)
	at fr.lirmm.graphik.DEFT.core.DefeasibleKB.EntailmentStatus(DefeasibleKB.java:394)
	at fr.lirmm.graphik.DEFT.core.DefeasibleKBTest.testEntailementCase1(DefeasibleKBTest.java:215)
	at sun.reflect.NativeMethodAccessorImpl.invoke0(Native Method)
	at sun.reflect.NativeMethodAccessorImpl.invoke(NativeMethodAccessorImpl.java:57)
	at sun.reflect.DelegatingMethodAccessorImpl.invoke(DelegatingMethodAccessorImpl.java:43)
	at java.lang.reflect.Method.invoke(Method.java:606)
	at org.junit.runners.model.FrameworkMethod$1.runReflectiveCall(FrameworkMethod.java:47)
	at org.junit.internal.runners.model.ReflectiveCallable.run(ReflectiveCallable.java:12)
	at org.junit.runners.model.FrameworkMethod.invokeExplosively(FrameworkMethod.java:44)
	at org.junit.internal.runners.statements.InvokeMethod.evaluate(InvokeMethod.java:17)
	at org.junit.internal.runners.statements.RunBefores.evaluate(RunBefores.java:26)
	at org.junit.internal.runners.statements.RunAfters.evaluate(RunAfters.java:27)
	at org.junit.runners.ParentRunner.runLeaf(ParentRunner.java:271)
	at org.junit.runners.BlockJUnit4ClassRunner.runChild(BlockJUnit4ClassRunner.java:70)
	at org.junit.runners.BlockJUnit4ClassRunner.runChild(BlockJUnit4ClassRunner.java:50)
	at org.junit.runners.ParentRunner$3.run(ParentRunner.java:238)
	at org.junit.runners.ParentRunner$1.schedule(ParentRunner.java:63)
	at org.junit.runners.ParentRunner.runChildren(ParentRunner.java:236)
	at org.junit.runners.ParentRunner.access$000(ParentRunner.java:53)
	at org.junit.runners.ParentRunner$2.evaluate(ParentRunner.java:229)
	at org.junit.runners.ParentRunner.run(ParentRunner.java:309)
	at org.apache.maven.surefire.junit4.JUnit4TestSet.execute(JUnit4TestSet.java:53)
	at org.apache.maven.surefire.junit4.JUnit4Provider.executeTestSet(JUnit4Provider.java:123)
	at org.apache.maven.surefire.junit4.JUnit4Provider.invoke(JUnit4Provider.java:104)
	at sun.reflect.NativeMethodAccessorImpl.invoke0(Native Method)
	at sun.reflect.NativeMethodAccessorImpl.invoke(NativeMethodAccessorImpl.java:57)
	at sun.reflect.DelegatingMethodAccessorImpl.invoke(DelegatingMethodAccessorImpl.java:43)
	at java.lang.reflect.Method.invoke(Method.java:606)
	at org.apache.maven.surefire.util.ReflectionUtils.invokeMethodWithArray(ReflectionUtils.java:164)
	at org.apache.maven.surefire.booter.ProviderFactory$ProviderProxy.invoke(ProviderFactory.java:110)
	at org.apache.maven.surefire.booter.SurefireStarter.invokeProvider(SurefireStarter.java:175)
	at org.apache.maven.surefire.booter.SurefireStarter.runSuitesInProcessWhenForked(SurefireStarter.java:107)
	at org.apache.maven.surefire.booter.ForkedBooter.main(ForkedBooter.java:68)
</error>
  </testcase>
  <testcase time="0.012" classname="fr.lirmm.graphik.DEFT.core.DefeasibleKBTest" name="testEntailementCase2">
    <error message="-1" type="java.lang.ArrayIndexOutOfBoundsException">java.lang.ArrayIndexOutOfBoundsException: -1
	at fr.lirmm.graphik.graal.core.atomset.graph.AtomEdge.indexOf(AtomEdge.java:116)
	at fr.lirmm.graphik.graal.homomorphism.bootstrapper.StarBootstrapper.execOverRewritings(StarBootstrapper.java:171)
	at fr.lirmm.graphik.graal.homomorphism.bootstrapper.StarBootstrapper.exec(StarBootstrapper.java:146)
	at fr.lirmm.graphik.graal.homomorphism.BacktrackIterator.getFirstValue(BacktrackIterator.java:365)
	at fr.lirmm.graphik.graal.homomorphism.BacktrackIterator.computeNext(BacktrackIterator.java:319)
	at fr.lirmm.graphik.graal.homomorphism.BacktrackIterator.hasNext(BacktrackIterator.java:185)
	at fr.lirmm.graphik.util.stream.Utils.uniq(Utils.java:117)
	at fr.lirmm.graphik.graal.homomorphism.BacktrackHomomorphism.execute(BacktrackHomomorphism.java:163)
	at fr.lirmm.graphik.graal.homomorphism.BacktrackHomomorphism.execute(BacktrackHomomorphism.java:153)
	at fr.lirmm.graphik.graal.homomorphism.BacktrackHomomorphism.execute(BacktrackHomomorphism.java:72)
	at fr.lirmm.graphik.graal.homomorphism.StaticHomomorphism.execute(StaticHomomorphism.java:113)
	at fr.lirmm.graphik.DEFT.dialectical_tree.ArgumentationFramework.getAttackersFor(ArgumentationFramework.java:63)
	at fr.lirmm.graphik.DEFT.dialectical_tree.ArgumentationFramework.getDefeatersFor(ArgumentationFramework.java:114)
	at fr.lirmm.graphik.DEFT.dialectical_tree.ArgumentationFramework.computeDialecticalTreeFor(ArgumentationFramework.java:141)
	at fr.lirmm.graphik.DEFT.dialectical_tree.ArgumentationFramework.isDefeated(ArgumentationFramework.java:127)
	at fr.lirmm.graphik.DEFT.core.DefeasibleKB.EntailmentStatus(DefeasibleKB.java:394)
	at fr.lirmm.graphik.DEFT.core.DefeasibleKBTest.testEntailementCase2(DefeasibleKBTest.java:234)
	at sun.reflect.NativeMethodAccessorImpl.invoke0(Native Method)
	at sun.reflect.NativeMethodAccessorImpl.invoke(NativeMethodAccessorImpl.java:57)
	at sun.reflect.DelegatingMethodAccessorImpl.invoke(DelegatingMethodAccessorImpl.java:43)
	at java.lang.reflect.Method.invoke(Method.java:606)
	at org.junit.runners.model.FrameworkMethod$1.runReflectiveCall(FrameworkMethod.java:47)
	at org.junit.internal.runners.model.ReflectiveCallable.run(ReflectiveCallable.java:12)
	at org.junit.runners.model.FrameworkMethod.invokeExplosively(FrameworkMethod.java:44)
	at org.junit.internal.runners.statements.InvokeMethod.evaluate(InvokeMethod.java:17)
	at org.junit.internal.runners.statements.RunBefores.evaluate(RunBefores.java:26)
	at org.junit.internal.runners.statements.RunAfters.evaluate(RunAfters.java:27)
	at org.junit.runners.ParentRunner.runLeaf(ParentRunner.java:271)
	at org.junit.runners.BlockJUnit4ClassRunner.runChild(BlockJUnit4ClassRunner.java:70)
	at org.junit.runners.BlockJUnit4ClassRunner.runChild(BlockJUnit4ClassRunner.java:50)
	at org.junit.runners.ParentRunner$3.run(ParentRunner.java:238)
	at org.junit.runners.ParentRunner$1.schedule(ParentRunner.java:63)
	at org.junit.runners.ParentRunner.runChildren(ParentRunner.java:236)
	at org.junit.runners.ParentRunner.access$000(ParentRunner.java:53)
	at org.junit.runners.ParentRunner$2.evaluate(ParentRunner.java:229)
	at org.junit.runners.ParentRunner.run(ParentRunner.java:309)
	at org.apache.maven.surefire.junit4.JUnit4TestSet.execute(JUnit4TestSet.java:53)
	at org.apache.maven.surefire.junit4.JUnit4Provider.executeTestSet(JUnit4Provider.java:123)
	at org.apache.maven.surefire.junit4.JUnit4Provider.invoke(JUnit4Provider.java:104)
	at sun.reflect.NativeMethodAccessorImpl.invoke0(Native Method)
	at sun.reflect.NativeMethodAccessorImpl.invoke(NativeMethodAccessorImpl.java:57)
	at sun.reflect.DelegatingMethodAccessorImpl.invoke(DelegatingMethodAccessorImpl.java:43)
	at java.lang.reflect.Method.invoke(Method.java:606)
	at org.apache.maven.surefire.util.ReflectionUtils.invokeMethodWithArray(ReflectionUtils.java:164)
	at org.apache.maven.surefire.booter.ProviderFactory$ProviderProxy.invoke(ProviderFactory.java:110)
	at org.apache.maven.surefire.booter.SurefireStarter.invokeProvider(SurefireStarter.java:175)
	at org.apache.maven.surefire.booter.SurefireStarter.runSuitesInProcessWhenForked(SurefireStarter.java:107)
	at org.apache.maven.surefire.booter.ForkedBooter.main(ForkedBooter.java:68)
</error>
  </testcase>
  <testcase time="0.018" classname="fr.lirmm.graphik.DEFT.core.DefeasibleKBTest" name="testEntailementCase3">
    <error message="-1" type="java.lang.ArrayIndexOutOfBoundsException">java.lang.ArrayIndexOutOfBoundsException: -1
	at fr.lirmm.graphik.graal.core.atomset.graph.AtomEdge.indexOf(AtomEdge.java:116)
	at fr.lirmm.graphik.graal.homomorphism.bootstrapper.StarBootstrapper.execOverRewritings(StarBootstrapper.java:171)
	at fr.lirmm.graphik.graal.homomorphism.bootstrapper.StarBootstrapper.exec(StarBootstrapper.java:146)
	at fr.lirmm.graphik.graal.homomorphism.BacktrackIterator.getFirstValue(BacktrackIterator.java:365)
	at fr.lirmm.graphik.graal.homomorphism.BacktrackIterator.computeNext(BacktrackIterator.java:319)
	at fr.lirmm.graphik.graal.homomorphism.BacktrackIterator.hasNext(BacktrackIterator.java:185)
	at fr.lirmm.graphik.util.stream.Utils.uniq(Utils.java:117)
	at fr.lirmm.graphik.graal.homomorphism.BacktrackHomomorphism.execute(BacktrackHomomorphism.java:163)
	at fr.lirmm.graphik.graal.homomorphism.BacktrackHomomorphism.execute(BacktrackHomomorphism.java:153)
	at fr.lirmm.graphik.graal.homomorphism.BacktrackHomomorphism.execute(BacktrackHomomorphism.java:72)
	at fr.lirmm.graphik.graal.homomorphism.StaticHomomorphism.execute(StaticHomomorphism.java:113)
	at fr.lirmm.graphik.DEFT.dialectical_tree.ArgumentationFramework.getAttackersFor(ArgumentationFramework.java:63)
	at fr.lirmm.graphik.DEFT.dialectical_tree.ArgumentationFramework.getDefeatersFor(ArgumentationFramework.java:114)
	at fr.lirmm.graphik.DEFT.dialectical_tree.ArgumentationFramework.computeDialecticalTreeFor(ArgumentationFramework.java:141)
	at fr.lirmm.graphik.DEFT.dialectical_tree.ArgumentationFramework.isDefeated(ArgumentationFramework.java:127)
	at fr.lirmm.graphik.DEFT.core.DefeasibleKB.EntailmentStatus(DefeasibleKB.java:394)
	at fr.lirmm.graphik.DEFT.core.DefeasibleKBTest.testEntailementCase3(DefeasibleKBTest.java:253)
	at sun.reflect.NativeMethodAccessorImpl.invoke0(Native Method)
	at sun.reflect.NativeMethodAccessorImpl.invoke(NativeMethodAccessorImpl.java:57)
	at sun.reflect.DelegatingMethodAccessorImpl.invoke(DelegatingMethodAccessorImpl.java:43)
	at java.lang.reflect.Method.invoke(Method.java:606)
	at org.junit.runners.model.FrameworkMethod$1.runReflectiveCall(FrameworkMethod.java:47)
	at org.junit.internal.runners.model.ReflectiveCallable.run(ReflectiveCallable.java:12)
	at org.junit.runners.model.FrameworkMethod.invokeExplosively(FrameworkMethod.java:44)
	at org.junit.internal.runners.statements.InvokeMethod.evaluate(InvokeMethod.java:17)
	at org.junit.internal.runners.statements.RunBefores.evaluate(RunBefores.java:26)
	at org.junit.internal.runners.statements.RunAfters.evaluate(RunAfters.java:27)
	at org.junit.runners.ParentRunner.runLeaf(ParentRunner.java:271)
	at org.junit.runners.BlockJUnit4ClassRunner.runChild(BlockJUnit4ClassRunner.java:70)
	at org.junit.runners.BlockJUnit4ClassRunner.runChild(BlockJUnit4ClassRunner.java:50)
	at org.junit.runners.ParentRunner$3.run(ParentRunner.java:238)
	at org.junit.runners.ParentRunner$1.schedule(ParentRunner.java:63)
	at org.junit.runners.ParentRunner.runChildren(ParentRunner.java:236)
	at org.junit.runners.ParentRunner.access$000(ParentRunner.java:53)
	at org.junit.runners.ParentRunner$2.evaluate(ParentRunner.java:229)
	at org.junit.runners.ParentRunner.run(ParentRunner.java:309)
	at org.apache.maven.surefire.junit4.JUnit4TestSet.execute(JUnit4TestSet.java:53)
	at org.apache.maven.surefire.junit4.JUnit4Provider.executeTestSet(JUnit4Provider.java:123)
	at org.apache.maven.surefire.junit4.JUnit4Provider.invoke(JUnit4Provider.java:104)
	at sun.reflect.NativeMethodAccessorImpl.invoke0(Native Method)
	at sun.reflect.NativeMethodAccessorImpl.invoke(NativeMethodAccessorImpl.java:57)
	at sun.reflect.DelegatingMethodAccessorImpl.invoke(DelegatingMethodAccessorImpl.java:43)
	at java.lang.reflect.Method.invoke(Method.java:606)
	at org.apache.maven.surefire.util.ReflectionUtils.invokeMethodWithArray(ReflectionUtils.java:164)
	at org.apache.maven.surefire.booter.ProviderFactory$ProviderProxy.invoke(ProviderFactory.java:110)
	at org.apache.maven.surefire.booter.SurefireStarter.invokeProvider(SurefireStarter.java:175)
	at org.apache.maven.surefire.booter.SurefireStarter.runSuitesInProcessWhenForked(SurefireStarter.java:107)
	at org.apache.maven.surefire.booter.ForkedBooter.main(ForkedBooter.java:68)
</error>
  </testcase>
  <testcase time="0.012" classname="fr.lirmm.graphik.DEFT.core.DefeasibleKBTest" name="testEntailementCase4">
    <error message="-1" type="java.lang.ArrayIndexOutOfBoundsException">java.lang.ArrayIndexOutOfBoundsException: -1
	at fr.lirmm.graphik.graal.core.atomset.graph.AtomEdge.indexOf(AtomEdge.java:116)
	at fr.lirmm.graphik.graal.homomorphism.bootstrapper.StarBootstrapper.execOverRewritings(StarBootstrapper.java:171)
	at fr.lirmm.graphik.graal.homomorphism.bootstrapper.StarBootstrapper.exec(StarBootstrapper.java:146)
	at fr.lirmm.graphik.graal.homomorphism.BacktrackIterator.getFirstValue(BacktrackIterator.java:365)
	at fr.lirmm.graphik.graal.homomorphism.BacktrackIterator.computeNext(BacktrackIterator.java:319)
	at fr.lirmm.graphik.graal.homomorphism.BacktrackIterator.hasNext(BacktrackIterator.java:185)
	at fr.lirmm.graphik.util.stream.Utils.uniq(Utils.java:117)
	at fr.lirmm.graphik.graal.homomorphism.BacktrackHomomorphism.execute(BacktrackHomomorphism.java:163)
	at fr.lirmm.graphik.graal.homomorphism.BacktrackHomomorphism.execute(BacktrackHomomorphism.java:153)
	at fr.lirmm.graphik.graal.homomorphism.BacktrackHomomorphism.execute(BacktrackHomomorphism.java:72)
	at fr.lirmm.graphik.graal.homomorphism.StaticHomomorphism.execute(StaticHomomorphism.java:113)
	at fr.lirmm.graphik.DEFT.dialectical_tree.ArgumentationFramework.getAttackersFor(ArgumentationFramework.java:63)
	at fr.lirmm.graphik.DEFT.dialectical_tree.ArgumentationFramework.getDefeatersFor(ArgumentationFramework.java:114)
	at fr.lirmm.graphik.DEFT.dialectical_tree.ArgumentationFramework.computeDialecticalTreeFor(ArgumentationFramework.java:141)
	at fr.lirmm.graphik.DEFT.dialectical_tree.ArgumentationFramework.isDefeated(ArgumentationFramework.java:127)
	at fr.lirmm.graphik.DEFT.core.DefeasibleKB.EntailmentStatus(DefeasibleKB.java:394)
	at fr.lirmm.graphik.DEFT.core.DefeasibleKBTest.testEntailementCase4(DefeasibleKBTest.java:275)
	at sun.reflect.NativeMethodAccessorImpl.invoke0(Native Method)
	at sun.reflect.NativeMethodAccessorImpl.invoke(NativeMethodAccessorImpl.java:57)
	at sun.reflect.DelegatingMethodAccessorImpl.invoke(DelegatingMethodAccessorImpl.java:43)
	at java.lang.reflect.Method.invoke(Method.java:606)
	at org.junit.runners.model.FrameworkMethod$1.runReflectiveCall(FrameworkMethod.java:47)
	at org.junit.internal.runners.model.ReflectiveCallable.run(ReflectiveCallable.java:12)
	at org.junit.runners.model.FrameworkMethod.invokeExplosively(FrameworkMethod.java:44)
	at org.junit.internal.runners.statements.InvokeMethod.evaluate(InvokeMethod.java:17)
	at org.junit.internal.runners.statements.RunBefores.evaluate(RunBefores.java:26)
	at org.junit.internal.runners.statements.RunAfters.evaluate(RunAfters.java:27)
	at org.junit.runners.ParentRunner.runLeaf(ParentRunner.java:271)
	at org.junit.runners.BlockJUnit4ClassRunner.runChild(BlockJUnit4ClassRunner.java:70)
	at org.junit.runners.BlockJUnit4ClassRunner.runChild(BlockJUnit4ClassRunner.java:50)
	at org.junit.runners.ParentRunner$3.run(ParentRunner.java:238)
	at org.junit.runners.ParentRunner$1.schedule(ParentRunner.java:63)
	at org.junit.runners.ParentRunner.runChildren(ParentRunner.java:236)
	at org.junit.runners.ParentRunner.access$000(ParentRunner.java:53)
	at org.junit.runners.ParentRunner$2.evaluate(ParentRunner.java:229)
	at org.junit.runners.ParentRunner.run(ParentRunner.java:309)
	at org.apache.maven.surefire.junit4.JUnit4TestSet.execute(JUnit4TestSet.java:53)
	at org.apache.maven.surefire.junit4.JUnit4Provider.executeTestSet(JUnit4Provider.java:123)
	at org.apache.maven.surefire.junit4.JUnit4Provider.invoke(JUnit4Provider.java:104)
	at sun.reflect.NativeMethodAccessorImpl.invoke0(Native Method)
	at sun.reflect.NativeMethodAccessorImpl.invoke(NativeMethodAccessorImpl.java:57)
	at sun.reflect.DelegatingMethodAccessorImpl.invoke(DelegatingMethodAccessorImpl.java:43)
	at java.lang.reflect.Method.invoke(Method.java:606)
	at org.apache.maven.surefire.util.ReflectionUtils.invokeMethodWithArray(ReflectionUtils.java:164)
	at org.apache.maven.surefire.booter.ProviderFactory$ProviderProxy.invoke(ProviderFactory.java:110)
	at org.apache.maven.surefire.booter.SurefireStarter.invokeProvider(SurefireStarter.java:175)
	at org.apache.maven.surefire.booter.SurefireStarter.runSuitesInProcessWhenForked(SurefireStarter.java:107)
	at org.apache.maven.surefire.booter.ForkedBooter.main(ForkedBooter.java:68)
</error>
  </testcase>
  <testcase time="0.013" classname="fr.lirmm.graphik.DEFT.core.DefeasibleKBTest" name="testEntailementCase5">
    <error message="-1" type="java.lang.ArrayIndexOutOfBoundsException">java.lang.ArrayIndexOutOfBoundsException: -1
	at fr.lirmm.graphik.graal.core.atomset.graph.AtomEdge.indexOf(AtomEdge.java:116)
	at fr.lirmm.graphik.graal.homomorphism.bootstrapper.StarBootstrapper.execOverRewritings(StarBootstrapper.java:171)
	at fr.lirmm.graphik.graal.homomorphism.bootstrapper.StarBootstrapper.exec(StarBootstrapper.java:146)
	at fr.lirmm.graphik.graal.homomorphism.BacktrackIterator.getFirstValue(BacktrackIterator.java:365)
	at fr.lirmm.graphik.graal.homomorphism.BacktrackIterator.computeNext(BacktrackIterator.java:319)
	at fr.lirmm.graphik.graal.homomorphism.BacktrackIterator.hasNext(BacktrackIterator.java:185)
	at fr.lirmm.graphik.util.stream.Utils.uniq(Utils.java:117)
	at fr.lirmm.graphik.graal.homomorphism.BacktrackHomomorphism.execute(BacktrackHomomorphism.java:163)
	at fr.lirmm.graphik.graal.homomorphism.BacktrackHomomorphism.execute(BacktrackHomomorphism.java:153)
	at fr.lirmm.graphik.graal.homomorphism.BacktrackHomomorphism.execute(BacktrackHomomorphism.java:72)
	at fr.lirmm.graphik.graal.homomorphism.StaticHomomorphism.execute(StaticHomomorphism.java:113)
	at fr.lirmm.graphik.DEFT.dialectical_tree.ArgumentationFramework.getAttackersFor(ArgumentationFramework.java:63)
	at fr.lirmm.graphik.DEFT.dialectical_tree.ArgumentationFramework.getDefeatersFor(ArgumentationFramework.java:114)
	at fr.lirmm.graphik.DEFT.dialectical_tree.ArgumentationFramework.computeDialecticalTreeFor(ArgumentationFramework.java:141)
	at fr.lirmm.graphik.DEFT.dialectical_tree.ArgumentationFramework.isDefeated(ArgumentationFramework.java:127)
	at fr.lirmm.graphik.DEFT.core.DefeasibleKB.EntailmentStatus(DefeasibleKB.java:394)
	at fr.lirmm.graphik.DEFT.core.DefeasibleKBTest.testEntailementCase5(DefeasibleKBTest.java:297)
	at sun.reflect.NativeMethodAccessorImpl.invoke0(Native Method)
	at sun.reflect.NativeMethodAccessorImpl.invoke(NativeMethodAccessorImpl.java:57)
	at sun.reflect.DelegatingMethodAccessorImpl.invoke(DelegatingMethodAccessorImpl.java:43)
	at java.lang.reflect.Method.invoke(Method.java:606)
	at org.junit.runners.model.FrameworkMethod$1.runReflectiveCall(FrameworkMethod.java:47)
	at org.junit.internal.runners.model.ReflectiveCallable.run(ReflectiveCallable.java:12)
	at org.junit.runners.model.FrameworkMethod.invokeExplosively(FrameworkMethod.java:44)
	at org.junit.internal.runners.statements.InvokeMethod.evaluate(InvokeMethod.java:17)
	at org.junit.internal.runners.statements.RunBefores.evaluate(RunBefores.java:26)
	at org.junit.internal.runners.statements.RunAfters.evaluate(RunAfters.java:27)
	at org.junit.runners.ParentRunner.runLeaf(ParentRunner.java:271)
	at org.junit.runners.BlockJUnit4ClassRunner.runChild(BlockJUnit4ClassRunner.java:70)
	at org.junit.runners.BlockJUnit4ClassRunner.runChild(BlockJUnit4ClassRunner.java:50)
	at org.junit.runners.ParentRunner$3.run(ParentRunner.java:238)
	at org.junit.runners.ParentRunner$1.schedule(ParentRunner.java:63)
	at org.junit.runners.ParentRunner.runChildren(ParentRunner.java:236)
	at org.junit.runners.ParentRunner.access$000(ParentRunner.java:53)
	at org.junit.runners.ParentRunner$2.evaluate(ParentRunner.java:229)
	at org.junit.runners.ParentRunner.run(ParentRunner.java:309)
	at org.apache.maven.surefire.junit4.JUnit4TestSet.execute(JUnit4TestSet.java:53)
	at org.apache.maven.surefire.junit4.JUnit4Provider.executeTestSet(JUnit4Provider.java:123)
	at org.apache.maven.surefire.junit4.JUnit4Provider.invoke(JUnit4Provider.java:104)
	at sun.reflect.NativeMethodAccessorImpl.invoke0(Native Method)
	at sun.reflect.NativeMethodAccessorImpl.invoke(NativeMethodAccessorImpl.java:57)
	at sun.reflect.DelegatingMethodAccessorImpl.invoke(DelegatingMethodAccessorImpl.java:43)
	at java.lang.reflect.Method.invoke(Method.java:606)
	at org.apache.maven.surefire.util.ReflectionUtils.invokeMethodWithArray(ReflectionUtils.java:164)
	at org.apache.maven.surefire.booter.ProviderFactory$ProviderProxy.invoke(ProviderFactory.java:110)
	at org.apache.maven.surefire.booter.SurefireStarter.invokeProvider(SurefireStarter.java:175)
	at org.apache.maven.surefire.booter.SurefireStarter.runSuitesInProcessWhenForked(SurefireStarter.java:107)
	at org.apache.maven.surefire.booter.ForkedBooter.main(ForkedBooter.java:68)
</error>
  </testcase>
  <testcase time="0.016" classname="fr.lirmm.graphik.DEFT.core.DefeasibleKBTest" name="testEntailementCase6">
    <error message="-1" type="java.lang.ArrayIndexOutOfBoundsException">java.lang.ArrayIndexOutOfBoundsException: -1
	at fr.lirmm.graphik.graal.core.atomset.graph.AtomEdge.indexOf(AtomEdge.java:116)
	at fr.lirmm.graphik.graal.homomorphism.bootstrapper.StarBootstrapper.execOverRewritings(StarBootstrapper.java:171)
	at fr.lirmm.graphik.graal.homomorphism.bootstrapper.StarBootstrapper.exec(StarBootstrapper.java:146)
	at fr.lirmm.graphik.graal.homomorphism.BacktrackIterator.getFirstValue(BacktrackIterator.java:365)
	at fr.lirmm.graphik.graal.homomorphism.BacktrackIterator.computeNext(BacktrackIterator.java:319)
	at fr.lirmm.graphik.graal.homomorphism.BacktrackIterator.hasNext(BacktrackIterator.java:185)
	at fr.lirmm.graphik.util.stream.Utils.uniq(Utils.java:117)
	at fr.lirmm.graphik.graal.homomorphism.BacktrackHomomorphism.execute(BacktrackHomomorphism.java:163)
	at fr.lirmm.graphik.graal.homomorphism.BacktrackHomomorphism.execute(BacktrackHomomorphism.java:153)
	at fr.lirmm.graphik.graal.homomorphism.BacktrackHomomorphism.execute(BacktrackHomomorphism.java:72)
	at fr.lirmm.graphik.graal.homomorphism.StaticHomomorphism.execute(StaticHomomorphism.java:113)
	at fr.lirmm.graphik.DEFT.dialectical_tree.ArgumentationFramework.getAttackersFor(ArgumentationFramework.java:63)
	at fr.lirmm.graphik.DEFT.dialectical_tree.ArgumentationFramework.getDefeatersFor(ArgumentationFramework.java:114)
	at fr.lirmm.graphik.DEFT.dialectical_tree.ArgumentationFramework.computeDialecticalTreeFor(ArgumentationFramework.java:141)
	at fr.lirmm.graphik.DEFT.dialectical_tree.ArgumentationFramework.isDefeated(ArgumentationFramework.java:127)
	at fr.lirmm.graphik.DEFT.core.DefeasibleKB.EntailmentStatus(DefeasibleKB.java:394)
	at fr.lirmm.graphik.DEFT.core.DefeasibleKBTest.testEntailementCase6(DefeasibleKBTest.java:319)
	at sun.reflect.NativeMethodAccessorImpl.invoke0(Native Method)
	at sun.reflect.NativeMethodAccessorImpl.invoke(NativeMethodAccessorImpl.java:57)
	at sun.reflect.DelegatingMethodAccessorImpl.invoke(DelegatingMethodAccessorImpl.java:43)
	at java.lang.reflect.Method.invoke(Method.java:606)
	at org.junit.runners.model.FrameworkMethod$1.runReflectiveCall(FrameworkMethod.java:47)
	at org.junit.internal.runners.model.ReflectiveCallable.run(ReflectiveCallable.java:12)
	at org.junit.runners.model.FrameworkMethod.invokeExplosively(FrameworkMethod.java:44)
	at org.junit.internal.runners.statements.InvokeMethod.evaluate(InvokeMethod.java:17)
	at org.junit.internal.runners.statements.RunBefores.evaluate(RunBefores.java:26)
	at org.junit.internal.runners.statements.RunAfters.evaluate(RunAfters.java:27)
	at org.junit.runners.ParentRunner.runLeaf(ParentRunner.java:271)
	at org.junit.runners.BlockJUnit4ClassRunner.runChild(BlockJUnit4ClassRunner.java:70)
	at org.junit.runners.BlockJUnit4ClassRunner.runChild(BlockJUnit4ClassRunner.java:50)
	at org.junit.runners.ParentRunner$3.run(ParentRunner.java:238)
	at org.junit.runners.ParentRunner$1.schedule(ParentRunner.java:63)
	at org.junit.runners.ParentRunner.runChildren(ParentRunner.java:236)
	at org.junit.runners.ParentRunner.access$000(ParentRunner.java:53)
	at org.junit.runners.ParentRunner$2.evaluate(ParentRunner.java:229)
	at org.junit.runners.ParentRunner.run(ParentRunner.java:309)
	at org.apache.maven.surefire.junit4.JUnit4TestSet.execute(JUnit4TestSet.java:53)
	at org.apache.maven.surefire.junit4.JUnit4Provider.executeTestSet(JUnit4Provider.java:123)
	at org.apache.maven.surefire.junit4.JUnit4Provider.invoke(JUnit4Provider.java:104)
	at sun.reflect.NativeMethodAccessorImpl.invoke0(Native Method)
	at sun.reflect.NativeMethodAccessorImpl.invoke(NativeMethodAccessorImpl.java:57)
	at sun.reflect.DelegatingMethodAccessorImpl.invoke(DelegatingMethodAccessorImpl.java:43)
	at java.lang.reflect.Method.invoke(Method.java:606)
	at org.apache.maven.surefire.util.ReflectionUtils.invokeMethodWithArray(ReflectionUtils.java:164)
	at org.apache.maven.surefire.booter.ProviderFactory$ProviderProxy.invoke(ProviderFactory.java:110)
	at org.apache.maven.surefire.booter.SurefireStarter.invokeProvider(SurefireStarter.java:175)
	at org.apache.maven.surefire.booter.SurefireStarter.runSuitesInProcessWhenForked(SurefireStarter.java:107)
	at org.apache.maven.surefire.booter.ForkedBooter.main(ForkedBooter.java:68)
</error>
  </testcase>
  <testcase time="0.017" classname="fr.lirmm.graphik.DEFT.core.DefeasibleKBTest" name="testEntailementCase7">
    <error message="-1" type="java.lang.ArrayIndexOutOfBoundsException">java.lang.ArrayIndexOutOfBoundsException: -1
	at fr.lirmm.graphik.graal.core.atomset.graph.AtomEdge.indexOf(AtomEdge.java:116)
	at fr.lirmm.graphik.graal.homomorphism.bootstrapper.StarBootstrapper.execOverRewritings(StarBootstrapper.java:171)
	at fr.lirmm.graphik.graal.homomorphism.bootstrapper.StarBootstrapper.exec(StarBootstrapper.java:146)
	at fr.lirmm.graphik.graal.homomorphism.BacktrackIterator.getFirstValue(BacktrackIterator.java:365)
	at fr.lirmm.graphik.graal.homomorphism.BacktrackIterator.computeNext(BacktrackIterator.java:319)
	at fr.lirmm.graphik.graal.homomorphism.BacktrackIterator.hasNext(BacktrackIterator.java:185)
	at fr.lirmm.graphik.util.stream.Utils.uniq(Utils.java:117)
	at fr.lirmm.graphik.graal.homomorphism.BacktrackHomomorphism.execute(BacktrackHomomorphism.java:163)
	at fr.lirmm.graphik.graal.homomorphism.BacktrackHomomorphism.execute(BacktrackHomomorphism.java:153)
	at fr.lirmm.graphik.graal.homomorphism.BacktrackHomomorphism.execute(BacktrackHomomorphism.java:72)
	at fr.lirmm.graphik.graal.homomorphism.StaticHomomorphism.execute(StaticHomomorphism.java:113)
	at fr.lirmm.graphik.DEFT.dialectical_tree.ArgumentationFramework.getAttackersFor(ArgumentationFramework.java:63)
	at fr.lirmm.graphik.DEFT.dialectical_tree.ArgumentationFramework.getDefeatersFor(ArgumentationFramework.java:114)
	at fr.lirmm.graphik.DEFT.dialectical_tree.ArgumentationFramework.computeDialecticalTreeFor(ArgumentationFramework.java:141)
	at fr.lirmm.graphik.DEFT.dialectical_tree.ArgumentationFramework.isDefeated(ArgumentationFramework.java:127)
	at fr.lirmm.graphik.DEFT.core.DefeasibleKB.EntailmentStatus(DefeasibleKB.java:394)
	at fr.lirmm.graphik.DEFT.core.DefeasibleKBTest.testEntailementCase7(DefeasibleKBTest.java:341)
	at sun.reflect.NativeMethodAccessorImpl.invoke0(Native Method)
	at sun.reflect.NativeMethodAccessorImpl.invoke(NativeMethodAccessorImpl.java:57)
	at sun.reflect.DelegatingMethodAccessorImpl.invoke(DelegatingMethodAccessorImpl.java:43)
	at java.lang.reflect.Method.invoke(Method.java:606)
	at org.junit.runners.model.FrameworkMethod$1.runReflectiveCall(FrameworkMethod.java:47)
	at org.junit.internal.runners.model.ReflectiveCallable.run(ReflectiveCallable.java:12)
	at org.junit.runners.model.FrameworkMethod.invokeExplosively(FrameworkMethod.java:44)
	at org.junit.internal.runners.statements.InvokeMethod.evaluate(InvokeMethod.java:17)
	at org.junit.internal.runners.statements.RunBefores.evaluate(RunBefores.java:26)
	at org.junit.internal.runners.statements.RunAfters.evaluate(RunAfters.java:27)
	at org.junit.runners.ParentRunner.runLeaf(ParentRunner.java:271)
	at org.junit.runners.BlockJUnit4ClassRunner.runChild(BlockJUnit4ClassRunner.java:70)
	at org.junit.runners.BlockJUnit4ClassRunner.runChild(BlockJUnit4ClassRunner.java:50)
	at org.junit.runners.ParentRunner$3.run(ParentRunner.java:238)
	at org.junit.runners.ParentRunner$1.schedule(ParentRunner.java:63)
	at org.junit.runners.ParentRunner.runChildren(ParentRunner.java:236)
	at org.junit.runners.ParentRunner.access$000(ParentRunner.java:53)
	at org.junit.runners.ParentRunner$2.evaluate(ParentRunner.java:229)
	at org.junit.runners.ParentRunner.run(ParentRunner.java:309)
	at org.apache.maven.surefire.junit4.JUnit4TestSet.execute(JUnit4TestSet.java:53)
	at org.apache.maven.surefire.junit4.JUnit4Provider.executeTestSet(JUnit4Provider.java:123)
	at org.apache.maven.surefire.junit4.JUnit4Provider.invoke(JUnit4Provider.java:104)
	at sun.reflect.NativeMethodAccessorImpl.invoke0(Native Method)
	at sun.reflect.NativeMethodAccessorImpl.invoke(NativeMethodAccessorImpl.java:57)
	at sun.reflect.DelegatingMethodAccessorImpl.invoke(DelegatingMethodAccessorImpl.java:43)
	at java.lang.reflect.Method.invoke(Method.java:606)
	at org.apache.maven.surefire.util.ReflectionUtils.invokeMethodWithArray(ReflectionUtils.java:164)
	at org.apache.maven.surefire.booter.ProviderFactory$ProviderProxy.invoke(ProviderFactory.java:110)
	at org.apache.maven.surefire.booter.SurefireStarter.invokeProvider(SurefireStarter.java:175)
	at org.apache.maven.surefire.booter.SurefireStarter.runSuitesInProcessWhenForked(SurefireStarter.java:107)
	at org.apache.maven.surefire.booter.ForkedBooter.main(ForkedBooter.java:68)
</error>
  </testcase>
  <testcase time="0.016" classname="fr.lirmm.graphik.DEFT.core.DefeasibleKBTest" name="testEntailementCase8">
    <error message="-1" type="java.lang.ArrayIndexOutOfBoundsException">java.lang.ArrayIndexOutOfBoundsException: -1
	at fr.lirmm.graphik.graal.core.atomset.graph.AtomEdge.indexOf(AtomEdge.java:116)
	at fr.lirmm.graphik.graal.homomorphism.bootstrapper.StarBootstrapper.execOverRewritings(StarBootstrapper.java:171)
	at fr.lirmm.graphik.graal.homomorphism.bootstrapper.StarBootstrapper.exec(StarBootstrapper.java:146)
	at fr.lirmm.graphik.graal.homomorphism.BacktrackIterator.getFirstValue(BacktrackIterator.java:365)
	at fr.lirmm.graphik.graal.homomorphism.BacktrackIterator.computeNext(BacktrackIterator.java:319)
	at fr.lirmm.graphik.graal.homomorphism.BacktrackIterator.hasNext(BacktrackIterator.java:185)
	at fr.lirmm.graphik.util.stream.Utils.uniq(Utils.java:117)
	at fr.lirmm.graphik.graal.homomorphism.BacktrackHomomorphism.execute(BacktrackHomomorphism.java:163)
	at fr.lirmm.graphik.graal.homomorphism.BacktrackHomomorphism.execute(BacktrackHomomorphism.java:153)
	at fr.lirmm.graphik.graal.homomorphism.BacktrackHomomorphism.execute(BacktrackHomomorphism.java:72)
	at fr.lirmm.graphik.graal.homomorphism.StaticHomomorphism.execute(StaticHomomorphism.java:113)
	at fr.lirmm.graphik.DEFT.dialectical_tree.ArgumentationFramework.getAttackersFor(ArgumentationFramework.java:63)
	at fr.lirmm.graphik.DEFT.dialectical_tree.ArgumentationFramework.getDefeatersFor(ArgumentationFramework.java:114)
	at fr.lirmm.graphik.DEFT.dialectical_tree.ArgumentationFramework.computeDialecticalTreeFor(ArgumentationFramework.java:141)
	at fr.lirmm.graphik.DEFT.dialectical_tree.ArgumentationFramework.isDefeated(ArgumentationFramework.java:127)
	at fr.lirmm.graphik.DEFT.core.DefeasibleKB.EntailmentStatus(DefeasibleKB.java:394)
	at fr.lirmm.graphik.DEFT.core.DefeasibleKBTest.testEntailementCase8(DefeasibleKBTest.java:363)
	at sun.reflect.NativeMethodAccessorImpl.invoke0(Native Method)
	at sun.reflect.NativeMethodAccessorImpl.invoke(NativeMethodAccessorImpl.java:57)
	at sun.reflect.DelegatingMethodAccessorImpl.invoke(DelegatingMethodAccessorImpl.java:43)
	at java.lang.reflect.Method.invoke(Method.java:606)
	at org.junit.runners.model.FrameworkMethod$1.runReflectiveCall(FrameworkMethod.java:47)
	at org.junit.internal.runners.model.ReflectiveCallable.run(ReflectiveCallable.java:12)
	at org.junit.runners.model.FrameworkMethod.invokeExplosively(FrameworkMethod.java:44)
	at org.junit.internal.runners.statements.InvokeMethod.evaluate(InvokeMethod.java:17)
	at org.junit.internal.runners.statements.RunBefores.evaluate(RunBefores.java:26)
	at org.junit.internal.runners.statements.RunAfters.evaluate(RunAfters.java:27)
	at org.junit.runners.ParentRunner.runLeaf(ParentRunner.java:271)
	at org.junit.runners.BlockJUnit4ClassRunner.runChild(BlockJUnit4ClassRunner.java:70)
	at org.junit.runners.BlockJUnit4ClassRunner.runChild(BlockJUnit4ClassRunner.java:50)
	at org.junit.runners.ParentRunner$3.run(ParentRunner.java:238)
	at org.junit.runners.ParentRunner$1.schedule(ParentRunner.java:63)
	at org.junit.runners.ParentRunner.runChildren(ParentRunner.java:236)
	at org.junit.runners.ParentRunner.access$000(ParentRunner.java:53)
	at org.junit.runners.ParentRunner$2.evaluate(ParentRunner.java:229)
	at org.junit.runners.ParentRunner.run(ParentRunner.java:309)
	at org.apache.maven.surefire.junit4.JUnit4TestSet.execute(JUnit4TestSet.java:53)
	at org.apache.maven.surefire.junit4.JUnit4Provider.executeTestSet(JUnit4Provider.java:123)
	at org.apache.maven.surefire.junit4.JUnit4Provider.invoke(JUnit4Provider.java:104)
	at sun.reflect.NativeMethodAccessorImpl.invoke0(Native Method)
	at sun.reflect.NativeMethodAccessorImpl.invoke(NativeMethodAccessorImpl.java:57)
	at sun.reflect.DelegatingMethodAccessorImpl.invoke(DelegatingMethodAccessorImpl.java:43)
	at java.lang.reflect.Method.invoke(Method.java:606)
	at org.apache.maven.surefire.util.ReflectionUtils.invokeMethodWithArray(ReflectionUtils.java:164)
	at org.apache.maven.surefire.booter.ProviderFactory$ProviderProxy.invoke(ProviderFactory.java:110)
	at org.apache.maven.surefire.booter.SurefireStarter.invokeProvider(SurefireStarter.java:175)
	at org.apache.maven.surefire.booter.SurefireStarter.runSuitesInProcessWhenForked(SurefireStarter.java:107)
	at org.apache.maven.surefire.booter.ForkedBooter.main(ForkedBooter.java:68)
</error>
  </testcase>
  <testcase time="0.039" classname="fr.lirmm.graphik.DEFT.core.DefeasibleKBTest" name="testEntailementCase9">
    <error message="-1" type="java.lang.ArrayIndexOutOfBoundsException">java.lang.ArrayIndexOutOfBoundsException: -1
	at fr.lirmm.graphik.graal.core.atomset.graph.AtomEdge.indexOf(AtomEdge.java:116)
	at fr.lirmm.graphik.graal.homomorphism.bootstrapper.StarBootstrapper.execOverRewritings(StarBootstrapper.java:171)
	at fr.lirmm.graphik.graal.homomorphism.bootstrapper.StarBootstrapper.exec(StarBootstrapper.java:146)
	at fr.lirmm.graphik.graal.homomorphism.BacktrackIterator.getFirstValue(BacktrackIterator.java:365)
	at fr.lirmm.graphik.graal.homomorphism.BacktrackIterator.computeNext(BacktrackIterator.java:319)
	at fr.lirmm.graphik.graal.homomorphism.BacktrackIterator.hasNext(BacktrackIterator.java:185)
	at fr.lirmm.graphik.util.stream.Utils.uniq(Utils.java:117)
	at fr.lirmm.graphik.graal.homomorphism.BacktrackHomomorphism.execute(BacktrackHomomorphism.java:163)
	at fr.lirmm.graphik.graal.homomorphism.BacktrackHomomorphism.execute(BacktrackHomomorphism.java:153)
	at fr.lirmm.graphik.graal.homomorphism.BacktrackHomomorphism.execute(BacktrackHomomorphism.java:72)
	at fr.lirmm.graphik.graal.homomorphism.StaticHomomorphism.execute(StaticHomomorphism.java:113)
	at fr.lirmm.graphik.DEFT.dialectical_tree.ArgumentationFramework.getAttackersFor(ArgumentationFramework.java:63)
	at fr.lirmm.graphik.DEFT.dialectical_tree.ArgumentationFramework.getDefeatersFor(ArgumentationFramework.java:114)
	at fr.lirmm.graphik.DEFT.dialectical_tree.ArgumentationFramework.computeDialecticalTreeFor(ArgumentationFramework.java:141)
	at fr.lirmm.graphik.DEFT.dialectical_tree.ArgumentationFramework.isDefeated(ArgumentationFramework.java:127)
	at fr.lirmm.graphik.DEFT.core.DefeasibleKB.EntailmentStatus(DefeasibleKB.java:394)
	at fr.lirmm.graphik.DEFT.core.DefeasibleKBTest.testEntailementCase9(DefeasibleKBTest.java:389)
	at sun.reflect.NativeMethodAccessorImpl.invoke0(Native Method)
	at sun.reflect.NativeMethodAccessorImpl.invoke(NativeMethodAccessorImpl.java:57)
	at sun.reflect.DelegatingMethodAccessorImpl.invoke(DelegatingMethodAccessorImpl.java:43)
	at java.lang.reflect.Method.invoke(Method.java:606)
	at org.junit.runners.model.FrameworkMethod$1.runReflectiveCall(FrameworkMethod.java:47)
	at org.junit.internal.runners.model.ReflectiveCallable.run(ReflectiveCallable.java:12)
	at org.junit.runners.model.FrameworkMethod.invokeExplosively(FrameworkMethod.java:44)
	at org.junit.internal.runners.statements.InvokeMethod.evaluate(InvokeMethod.java:17)
	at org.junit.internal.runners.statements.RunBefores.evaluate(RunBefores.java:26)
	at org.junit.internal.runners.statements.RunAfters.evaluate(RunAfters.java:27)
	at org.junit.runners.ParentRunner.runLeaf(ParentRunner.java:271)
	at org.junit.runners.BlockJUnit4ClassRunner.runChild(BlockJUnit4ClassRunner.java:70)
	at org.junit.runners.BlockJUnit4ClassRunner.runChild(BlockJUnit4ClassRunner.java:50)
	at org.junit.runners.ParentRunner$3.run(ParentRunner.java:238)
	at org.junit.runners.ParentRunner$1.schedule(ParentRunner.java:63)
	at org.junit.runners.ParentRunner.runChildren(ParentRunner.java:236)
	at org.junit.runners.ParentRunner.access$000(ParentRunner.java:53)
	at org.junit.runners.ParentRunner$2.evaluate(ParentRunner.java:229)
	at org.junit.runners.ParentRunner.run(ParentRunner.java:309)
	at org.apache.maven.surefire.junit4.JUnit4TestSet.execute(JUnit4TestSet.java:53)
	at org.apache.maven.surefire.junit4.JUnit4Provider.executeTestSet(JUnit4Provider.java:123)
	at org.apache.maven.surefire.junit4.JUnit4Provider.invoke(JUnit4Provider.java:104)
	at sun.reflect.NativeMethodAccessorImpl.invoke0(Native Method)
	at sun.reflect.NativeMethodAccessorImpl.invoke(NativeMethodAccessorImpl.java:57)
	at sun.reflect.DelegatingMethodAccessorImpl.invoke(DelegatingMethodAccessorImpl.java:43)
	at java.lang.reflect.Method.invoke(Method.java:606)
	at org.apache.maven.surefire.util.ReflectionUtils.invokeMethodWithArray(ReflectionUtils.java:164)
	at org.apache.maven.surefire.booter.ProviderFactory$ProviderProxy.invoke(ProviderFactory.java:110)
	at org.apache.maven.surefire.booter.SurefireStarter.invokeProvider(SurefireStarter.java:175)
	at org.apache.maven.surefire.booter.SurefireStarter.runSuitesInProcessWhenForked(SurefireStarter.java:107)
	at org.apache.maven.surefire.booter.ForkedBooter.main(ForkedBooter.java:68)
</error>
  </testcase>
  <testcase time="0.008" classname="fr.lirmm.graphik.DEFT.core.DefeasibleKBTest" name="testFileVSExplicitInstantiationStrictAtoms"/>
  <testcase time="0.005" classname="fr.lirmm.graphik.DEFT.core.DefeasibleKBTest" name="testFileVSExplicitInstantiationStrictRules"/>
  <testcase time="0.011" classname="fr.lirmm.graphik.DEFT.core.DefeasibleKBTest" name="testFileInstantiationEntailement">
    <error message="-1" type="java.lang.ArrayIndexOutOfBoundsException">java.lang.ArrayIndexOutOfBoundsException: -1
	at fr.lirmm.graphik.graal.core.atomset.graph.AtomEdge.indexOf(AtomEdge.java:116)
	at fr.lirmm.graphik.graal.homomorphism.bootstrapper.StarBootstrapper.execOverRewritings(StarBootstrapper.java:171)
	at fr.lirmm.graphik.graal.homomorphism.bootstrapper.StarBootstrapper.exec(StarBootstrapper.java:146)
	at fr.lirmm.graphik.graal.homomorphism.BacktrackIterator.getFirstValue(BacktrackIterator.java:365)
	at fr.lirmm.graphik.graal.homomorphism.BacktrackIterator.computeNext(BacktrackIterator.java:319)
	at fr.lirmm.graphik.graal.homomorphism.BacktrackIterator.hasNext(BacktrackIterator.java:185)
	at fr.lirmm.graphik.util.stream.Utils.uniq(Utils.java:117)
	at fr.lirmm.graphik.graal.homomorphism.BacktrackHomomorphism.execute(BacktrackHomomorphism.java:163)
	at fr.lirmm.graphik.graal.homomorphism.BacktrackHomomorphism.execute(BacktrackHomomorphism.java:153)
	at fr.lirmm.graphik.graal.homomorphism.BacktrackHomomorphism.execute(BacktrackHomomorphism.java:72)
	at fr.lirmm.graphik.graal.homomorphism.StaticHomomorphism.execute(StaticHomomorphism.java:113)
	at fr.lirmm.graphik.DEFT.dialectical_tree.ArgumentationFramework.getAttackersFor(ArgumentationFramework.java:63)
	at fr.lirmm.graphik.DEFT.dialectical_tree.ArgumentationFramework.getDefeatersFor(ArgumentationFramework.java:114)
	at fr.lirmm.graphik.DEFT.core.DefeasibleKBTest.testFileInstantiationEntailement(DefeasibleKBTest.java:170)
	at sun.reflect.NativeMethodAccessorImpl.invoke0(Native Method)
	at sun.reflect.NativeMethodAccessorImpl.invoke(NativeMethodAccessorImpl.java:57)
	at sun.reflect.DelegatingMethodAccessorImpl.invoke(DelegatingMethodAccessorImpl.java:43)
	at java.lang.reflect.Method.invoke(Method.java:606)
	at org.junit.runners.model.FrameworkMethod$1.runReflectiveCall(FrameworkMethod.java:47)
	at org.junit.internal.runners.model.ReflectiveCallable.run(ReflectiveCallable.java:12)
	at org.junit.runners.model.FrameworkMethod.invokeExplosively(FrameworkMethod.java:44)
	at org.junit.internal.runners.statements.InvokeMethod.evaluate(InvokeMethod.java:17)
	at org.junit.internal.runners.statements.RunBefores.evaluate(RunBefores.java:26)
	at org.junit.internal.runners.statements.RunAfters.evaluate(RunAfters.java:27)
	at org.junit.runners.ParentRunner.runLeaf(ParentRunner.java:271)
	at org.junit.runners.BlockJUnit4ClassRunner.runChild(BlockJUnit4ClassRunner.java:70)
	at org.junit.runners.BlockJUnit4ClassRunner.runChild(BlockJUnit4ClassRunner.java:50)
	at org.junit.runners.ParentRunner$3.run(ParentRunner.java:238)
	at org.junit.runners.ParentRunner$1.schedule(ParentRunner.java:63)
	at org.junit.runners.ParentRunner.runChildren(ParentRunner.java:236)
	at org.junit.runners.ParentRunner.access$000(ParentRunner.java:53)
	at org.junit.runners.ParentRunner$2.evaluate(ParentRunner.java:229)
	at org.junit.runners.ParentRunner.run(ParentRunner.java:309)
	at org.apache.maven.surefire.junit4.JUnit4TestSet.execute(JUnit4TestSet.java:53)
	at org.apache.maven.surefire.junit4.JUnit4Provider.executeTestSet(JUnit4Provider.java:123)
	at org.apache.maven.surefire.junit4.JUnit4Provider.invoke(JUnit4Provider.java:104)
	at sun.reflect.NativeMethodAccessorImpl.invoke0(Native Method)
	at sun.reflect.NativeMethodAccessorImpl.invoke(NativeMethodAccessorImpl.java:57)
	at sun.reflect.DelegatingMethodAccessorImpl.invoke(DelegatingMethodAccessorImpl.java:43)
	at java.lang.reflect.Method.invoke(Method.java:606)
	at org.apache.maven.surefire.util.ReflectionUtils.invokeMethodWithArray(ReflectionUtils.java:164)
	at org.apache.maven.surefire.booter.ProviderFactory$ProviderProxy.invoke(ProviderFactory.java:110)
	at org.apache.maven.surefire.booter.SurefireStarter.invokeProvider(SurefireStarter.java:175)
	at org.apache.maven.surefire.booter.SurefireStarter.runSuitesInProcessWhenForked(SurefireStarter.java:107)
	at org.apache.maven.surefire.booter.ForkedBooter.main(ForkedBooter.java:68)
</error>
    <system-out>Argument: q[1](a): q[1](a) &lt;--1-- (p[a]))
</system-out>
  </testcase>
  <testcase time="0.011" classname="fr.lirmm.graphik.DEFT.core.DefeasibleKBTest" name="testFileVSExplicitInstantiationFacts"/>
  <testcase time="0.012" classname="fr.lirmm.graphik.DEFT.core.DefeasibleKBTest" name="testExplicitInstantiationEntailement">
    <error message="-1" type="java.lang.ArrayIndexOutOfBoundsException">java.lang.ArrayIndexOutOfBoundsException: -1
	at fr.lirmm.graphik.graal.core.atomset.graph.AtomEdge.indexOf(AtomEdge.java:116)
	at fr.lirmm.graphik.graal.homomorphism.bootstrapper.StarBootstrapper.execOverRewritings(StarBootstrapper.java:171)
	at fr.lirmm.graphik.graal.homomorphism.bootstrapper.StarBootstrapper.exec(StarBootstrapper.java:146)
	at fr.lirmm.graphik.graal.homomorphism.BacktrackIterator.getFirstValue(BacktrackIterator.java:365)
	at fr.lirmm.graphik.graal.homomorphism.BacktrackIterator.computeNext(BacktrackIterator.java:319)
	at fr.lirmm.graphik.graal.homomorphism.BacktrackIterator.hasNext(BacktrackIterator.java:185)
	at fr.lirmm.graphik.util.stream.Utils.uniq(Utils.java:117)
	at fr.lirmm.graphik.graal.homomorphism.BacktrackHomomorphism.execute(BacktrackHomomorphism.java:163)
	at fr.lirmm.graphik.graal.homomorphism.BacktrackHomomorphism.execute(BacktrackHomomorphism.java:153)
	at fr.lirmm.graphik.graal.homomorphism.BacktrackHomomorphism.execute(BacktrackHomomorphism.java:72)
	at fr.lirmm.graphik.graal.homomorphism.StaticHomomorphism.execute(StaticHomomorphism.java:113)
	at fr.lirmm.graphik.DEFT.dialectical_tree.ArgumentationFramework.getAttackersFor(ArgumentationFramework.java:63)
	at fr.lirmm.graphik.DEFT.dialectical_tree.ArgumentationFramework.getDefeatersFor(ArgumentationFramework.java:114)
	at fr.lirmm.graphik.DEFT.dialectical_tree.ArgumentationFramework.computeDialecticalTreeFor(ArgumentationFramework.java:141)
	at fr.lirmm.graphik.DEFT.dialectical_tree.ArgumentationFramework.isDefeated(ArgumentationFramework.java:127)
	at fr.lirmm.graphik.DEFT.core.DefeasibleKB.EntailmentStatus(DefeasibleKB.java:394)
	at fr.lirmm.graphik.DEFT.core.DefeasibleKBTest.testExplicitInstantiationEntailement(DefeasibleKBTest.java:196)
	at sun.reflect.NativeMethodAccessorImpl.invoke0(Native Method)
	at sun.reflect.NativeMethodAccessorImpl.invoke(NativeMethodAccessorImpl.java:57)
	at sun.reflect.DelegatingMethodAccessorImpl.invoke(DelegatingMethodAccessorImpl.java:43)
	at java.lang.reflect.Method.invoke(Method.java:606)
	at org.junit.runners.model.FrameworkMethod$1.runReflectiveCall(FrameworkMethod.java:47)
	at org.junit.internal.runners.model.ReflectiveCallable.run(ReflectiveCallable.java:12)
	at org.junit.runners.model.FrameworkMethod.invokeExplosively(FrameworkMethod.java:44)
	at org.junit.internal.runners.statements.InvokeMethod.evaluate(InvokeMethod.java:17)
	at org.junit.internal.runners.statements.RunBefores.evaluate(RunBefores.java:26)
	at org.junit.internal.runners.statements.RunAfters.evaluate(RunAfters.java:27)
	at org.junit.runners.ParentRunner.runLeaf(ParentRunner.java:271)
	at org.junit.runners.BlockJUnit4ClassRunner.runChild(BlockJUnit4ClassRunner.java:70)
	at org.junit.runners.BlockJUnit4ClassRunner.runChild(BlockJUnit4ClassRunner.java:50)
	at org.junit.runners.ParentRunner$3.run(ParentRunner.java:238)
	at org.junit.runners.ParentRunner$1.schedule(ParentRunner.java:63)
	at org.junit.runners.ParentRunner.runChildren(ParentRunner.java:236)
	at org.junit.runners.ParentRunner.access$000(ParentRunner.java:53)
	at org.junit.runners.ParentRunner$2.evaluate(ParentRunner.java:229)
	at org.junit.runners.ParentRunner.run(ParentRunner.java:309)
	at org.apache.maven.surefire.junit4.JUnit4TestSet.execute(JUnit4TestSet.java:53)
	at org.apache.maven.surefire.junit4.JUnit4Provider.executeTestSet(JUnit4Provider.java:123)
	at org.apache.maven.surefire.junit4.JUnit4Provider.invoke(JUnit4Provider.java:104)
	at sun.reflect.NativeMethodAccessorImpl.invoke0(Native Method)
	at sun.reflect.NativeMethodAccessorImpl.invoke(NativeMethodAccessorImpl.java:57)
	at sun.reflect.DelegatingMethodAccessorImpl.invoke(DelegatingMethodAccessorImpl.java:43)
	at java.lang.reflect.Method.invoke(Method.java:606)
	at org.apache.maven.surefire.util.ReflectionUtils.invokeMethodWithArray(ReflectionUtils.java:164)
	at org.apache.maven.surefire.booter.ProviderFactory$ProviderProxy.invoke(ProviderFactory.java:110)
	at org.apache.maven.surefire.booter.SurefireStarter.invokeProvider(SurefireStarter.java:175)
	at org.apache.maven.surefire.booter.SurefireStarter.runSuitesInProcessWhenForked(SurefireStarter.java:107)
	at org.apache.maven.surefire.booter.ForkedBooter.main(ForkedBooter.java:68)
</error>
  </testcase>
  <testcase time="0.015" classname="fr.lirmm.graphik.DEFT.core.DefeasibleKBTest" name="testFileVSExplicitInstantiationDefeasibleAtoms"/>
  <testcase time="0.005" classname="fr.lirmm.graphik.DEFT.core.DefeasibleKBTest" name="testFileVSExplicitInstantiationDefeasibleRules"/>
  <testcase time="0.007" classname="fr.lirmm.graphik.DEFT.core.DefeasibleKBTest" name="testParseDefeasibleAtom">
    <failure message="Failure - Defeasible atom set must not be empty." type="java.lang.AssertionError">java.lang.AssertionError: Failure - Defeasible atom set must not be empty.
	at org.junit.Assert.fail(Assert.java:88)
	at org.junit.Assert.assertTrue(Assert.java:41)
	at org.junit.Assert.assertFalse(Assert.java:64)
	at fr.lirmm.graphik.DEFT.core.DefeasibleKBTest.testParseDefeasibleAtom(DefeasibleKBTest.java:82)
	at sun.reflect.NativeMethodAccessorImpl.invoke0(Native Method)
	at sun.reflect.NativeMethodAccessorImpl.invoke(NativeMethodAccessorImpl.java:57)
	at sun.reflect.DelegatingMethodAccessorImpl.invoke(DelegatingMethodAccessorImpl.java:43)
	at java.lang.reflect.Method.invoke(Method.java:606)
	at org.junit.runners.model.FrameworkMethod$1.runReflectiveCall(FrameworkMethod.java:47)
	at org.junit.internal.runners.model.ReflectiveCallable.run(ReflectiveCallable.java:12)
	at org.junit.runners.model.FrameworkMethod.invokeExplosively(FrameworkMethod.java:44)
	at org.junit.internal.runners.statements.InvokeMethod.evaluate(InvokeMethod.java:17)
	at org.junit.internal.runners.statements.RunBefores.evaluate(RunBefores.java:26)
	at org.junit.internal.runners.statements.RunAfters.evaluate(RunAfters.java:27)
	at org.junit.runners.ParentRunner.runLeaf(ParentRunner.java:271)
	at org.junit.runners.BlockJUnit4ClassRunner.runChild(BlockJUnit4ClassRunner.java:70)
	at org.junit.runners.BlockJUnit4ClassRunner.runChild(BlockJUnit4ClassRunner.java:50)
	at org.junit.runners.ParentRunner$3.run(ParentRunner.java:238)
	at org.junit.runners.ParentRunner$1.schedule(ParentRunner.java:63)
	at org.junit.runners.ParentRunner.runChildren(ParentRunner.java:236)
	at org.junit.runners.ParentRunner.access$000(ParentRunner.java:53)
	at org.junit.runners.ParentRunner$2.evaluate(ParentRunner.java:229)
	at org.junit.runners.ParentRunner.run(ParentRunner.java:309)
	at org.apache.maven.surefire.junit4.JUnit4TestSet.execute(JUnit4TestSet.java:53)
	at org.apache.maven.surefire.junit4.JUnit4Provider.executeTestSet(JUnit4Provider.java:123)
	at org.apache.maven.surefire.junit4.JUnit4Provider.invoke(JUnit4Provider.java:104)
	at sun.reflect.NativeMethodAccessorImpl.invoke0(Native Method)
	at sun.reflect.NativeMethodAccessorImpl.invoke(NativeMethodAccessorImpl.java:57)
	at sun.reflect.DelegatingMethodAccessorImpl.invoke(DelegatingMethodAccessorImpl.java:43)
	at java.lang.reflect.Method.invoke(Method.java:606)
	at org.apache.maven.surefire.util.ReflectionUtils.invokeMethodWithArray(ReflectionUtils.java:164)
	at org.apache.maven.surefire.booter.ProviderFactory$ProviderProxy.invoke(ProviderFactory.java:110)
	at org.apache.maven.surefire.booter.SurefireStarter.invokeProvider(SurefireStarter.java:175)
	at org.apache.maven.surefire.booter.SurefireStarter.runSuitesInProcessWhenForked(SurefireStarter.java:107)
	at org.apache.maven.surefire.booter.ForkedBooter.main(ForkedBooter.java:68)
</failure>
  </testcase>
  <testcase time="0.004" classname="fr.lirmm.graphik.DEFT.core.DefeasibleKBTest" name="testParseDefeasibleRule"/>
</testsuite>